<?xml version="1.0" encoding="UTF-8"?>
<testng-results ignored="0" total="1" passed="1" failed="0" skipped="0">
  <reporter-output>
  </reporter-output>
  <suite started-at="2023-11-23T04:05:31Z" name="Default suite" finished-at="2023-11-23T04:05:37Z" duration-ms="5653">
    <groups>
    </groups>
    <test started-at="2023-11-23T04:05:31Z" name="Default test" finished-at="2023-11-23T04:05:37Z" duration-ms="5653">
      <class name="seleniumScript.Crear_codigo">
        <test-method is-config="true" signature="invocarNavegador()[pri:0, instance:seleniumScript.Crear_codigo@1530c739]" started-at="2023-11-22T22:05:32Z" name="invocarNavegador" finished-at="2023-11-22T22:05:33Z" duration-ms="1956" status="PASS">
          <reporter-output>
          </reporter-output>
        </test-method> <!-- invocarNavegador -->
        <test-method signature="verificarLoginDeGuru99Application()[pri:0, instance:seleniumScript.Crear_codigo@1530c739]" started-at="2023-11-22T22:05:33Z" name="verificarLoginDeGuru99Application" finished-at="2023-11-22T22:05:37Z" duration-ms="3678" status="PASS">
          <reporter-output>
          </reporter-output>
        </test-method> <!-- verificarLoginDeGuru99Application -->
        <test-method is-config="true" signature="closeBrowser()[pri:0, instance:seleniumScript.Crear_codigo@1530c739]" started-at="2023-11-22T22:05:37Z" name="closeBrowser" finished-at="2023-11-22T22:05:37Z" duration-ms="1" status="PASS">
          <reporter-output>
          </reporter-output>
        </test-method> <!-- closeBrowser -->
      </class> <!-- seleniumScript.Crear_codigo -->
    </test> <!-- Default test -->
  </suite> <!-- Default suite -->
</testng-results>
